<?xml version="1.0" encoding="UTF-8"?>
<!-- Generated by org.testng.reporters.JUnitXMLReporter -->
<testsuite ignored="0" hostname="Thanvi-Theeksha" failures="0" tests="3" name="Test" time="43.021" errors="0" timestamp="2022-10-17T17:57:56 IST">
  <testcase classname="com.openmrs.testcase.LoginTest" name="crmLogoImageTest" time="0.048"/>
  <testcase classname="com.openmrs.testcase.LoginTest" name="loginTest" time="7.611"/>
  <testcase classname="com.openmrs.testcase.FindPatientTest" name="findPatientRecord" time="10.881"/>
</testsuite> <!-- Test -->
