<?xml version="1.0" encoding="UTF-8"?>
<testng-results ignored="0" total="2" passed="2" failed="0" skipped="0">
  <reporter-output>
  </reporter-output>
  <suite started-at="2022-10-16T10:45:11 IST" name="Default suite" finished-at="2022-10-16T10:45:30 IST" duration-ms="18593">
    <groups>
    </groups>
    <test started-at="2022-10-16T10:45:11 IST" name="Default test" finished-at="2022-10-16T10:45:30 IST" duration-ms="18593">
      <class name="com.openmrs.testcase.LoginTest">
        <test-method is-config="true" signature="setUp()[pri:0, instance:com.openmrs.testcase.LoginTest@5f058f00]" started-at="2022-10-16T10:45:11 IST" name="setUp" finished-at="2022-10-16T10:45:17 IST" duration-ms="6104" status="PASS">
          <reporter-output>
          </reporter-output>
        </test-method> <!-- setUp -->
        <test-method signature="crmLogoImageTest()[pri:1, instance:com.openmrs.testcase.LoginTest@5f058f00]" started-at="2022-10-16T10:45:17 IST" name="crmLogoImageTest" finished-at="2022-10-16T10:45:17 IST" duration-ms="42" status="PASS">
          <reporter-output>
          </reporter-output>
        </test-method> <!-- crmLogoImageTest -->
        <test-method is-config="true" signature="tearDown()[pri:0, instance:com.openmrs.testcase.LoginTest@5f058f00]" started-at="2022-10-16T10:45:17 IST" name="tearDown" finished-at="2022-10-16T10:45:18 IST" duration-ms="282" status="PASS">
          <reporter-output>
          </reporter-output>
        </test-method> <!-- tearDown -->
        <test-method is-config="true" signature="setUp()[pri:0, instance:com.openmrs.testcase.LoginTest@5f058f00]" started-at="2022-10-16T10:45:18 IST" name="setUp" finished-at="2022-10-16T10:45:26 IST" duration-ms="8579" status="PASS">
          <reporter-output>
          </reporter-output>
        </test-method> <!-- setUp -->
        <test-method signature="loginTest()[pri:2, instance:com.openmrs.testcase.LoginTest@5f058f00]" started-at="2022-10-16T10:45:26 IST" name="loginTest" finished-at="2022-10-16T10:45:30 IST" duration-ms="3384" status="PASS">
          <reporter-output>
          </reporter-output>
        </test-method> <!-- loginTest -->
        <test-method is-config="true" signature="tearDown()[pri:0, instance:com.openmrs.testcase.LoginTest@5f058f00]" started-at="2022-10-16T10:45:30 IST" name="tearDown" finished-at="2022-10-16T10:45:30 IST" duration-ms="163" status="PASS">
          <reporter-output>
          </reporter-output>
        </test-method> <!-- tearDown -->
      </class> <!-- com.openmrs.testcase.LoginTest -->
    </test> <!-- Default test -->
  </suite> <!-- Default suite -->
</testng-results>
